<?xml version="1.0" encoding="UTF-8"?><testsuite errors="0" failures="1" name="list all users information" skipped="0" tests="1" time="16.65" timestamp="2025-04-23 08:24:36"><testcase name="list all users"><failure message="number of users expected is different from those returned - &#10;Expected: a collection with size &lt;3&gt;&#10;     but: collection size was &lt;6&gt;" type="java.lang.AssertionError">number of users expected is different from those returned - 
Expected: a collection with size &lt;3&gt;
     but: collection size was &lt;6&gt;</failure><system-err>number of users expected is different from those returned - 
Expected: a collection with size &lt;3&gt;
     but: collection size was &lt;6&gt;&#13;
com.wjbuelvas.stepdefinitions.WhenManagingUsers.allTheExpectedUsersShouldBeReturned(WhenManagingUsers.java:45)&#13;
✽.all 3 the expected users should be returned(src/test/resources/features/list_all_users.feature:13)&#13;
</system-err></testcase></testsuite>